[debug] [2018-06-21T09:31:53.692Z] ----------------------------------------------------------------------
[debug] [2018-06-21T09:31:53.694Z] Command:       C:\Program Files\nodejs\node.exe C:\Users\2180012\AppData\Roaming\npm\node_modules\firebase-tools\bin\firebase login
[debug] [2018-06-21T09:31:53.694Z] CLI Version:   3.18.6
[debug] [2018-06-21T09:31:53.694Z] Platform:      win32
[debug] [2018-06-21T09:31:53.694Z] Node Version:  v8.11.3
[debug] [2018-06-21T09:31:53.695Z] Time:          Thu Jun 21 2018 18:31:53 GMT+0900 (東京 (標準時))
[debug] [2018-06-21T09:31:53.695Z] ----------------------------------------------------------------------
[debug] 
[info] 
[info] Visit this URL on any device to log in:
[info] https://accounts.google.com/o/oauth2/auth?client_id=563584335869-fgrhgmd47bqnekij5i8b5pr03ho849e6.apps.googleusercontent.com&scope=email%20openid%20https%3A%2F%2Fwww.googleapis.com%2Fauth%2Fcloudplatformprojects.readonly%20https%3A%2F%2Fwww.googleapis.com%2Fauth%2Ffirebase%20https%3A%2F%2Fwww.googleapis.com%2Fauth%2Fcloud-platform&response_type=code&state=921918221&redirect_uri=http%3A%2F%2Flocalhost%3A9005
[info] 
[info] Waiting for authentication...
[debug] [2018-06-21T09:35:34.863Z] ----------------------------------------------------------------------
[debug] [2018-06-21T09:35:34.866Z] Command:       C:\Program Files\nodejs\node.exe C:\Users\2180012\AppData\Roaming\npm\node_modules\firebase-tools\bin\firebase login
[debug] [2018-06-21T09:35:34.866Z] CLI Version:   3.18.6
[debug] [2018-06-21T09:35:34.866Z] Platform:      win32
[debug] [2018-06-21T09:35:34.866Z] Node Version:  v8.11.3
[debug] [2018-06-21T09:35:34.867Z] Time:          Thu Jun 21 2018 18:35:34 GMT+0900 (東京 (標準時))
[debug] [2018-06-21T09:35:34.867Z] ----------------------------------------------------------------------
[debug] 
[info] 
[info] Visit this URL on any device to log in:
[info] https://accounts.google.com/o/oauth2/auth?client_id=563584335869-fgrhgmd47bqnekij5i8b5pr03ho849e6.apps.googleusercontent.com&scope=email%20openid%20https%3A%2F%2Fwww.googleapis.com%2Fauth%2Fcloudplatformprojects.readonly%20https%3A%2F%2Fwww.googleapis.com%2Fauth%2Ffirebase%20https%3A%2F%2Fwww.googleapis.com%2Fauth%2Fcloud-platform&response_type=code&state=237995777&redirect_uri=http%3A%2F%2Flocalhost%3A9005
[info] 
[info] Waiting for authentication...
